Init server with fname index.txt
Processing query 'airplane'
Processing query 'airplane'
Processing query 'None'
Processing query 'airplane'
Processing query 'airplane'
Processing query 'None'
Processing query 'None'
Processing query 'None'
Processing query 'None'
Processing query ''
Processing query ''
Processing query 'airplane'
Processing query 'CAP airplane'
Processing query 'San Francisco Airplane'
Processing query 'Nancy Rubins, Chas' Stainless Steel, Mark Thompson's Airplane Parts'
Processing query 'CAP airplane'
Processing query 'Nancy Rubins, Chas' Stainless Steel, Mark Thompson's Airplane Parts'
Processing query 'steel'
Processing query 'Nancy Rubins, Chas' Stainless Steel, Mark Thompson's Airplane Parts'
